08.04.2024 11:57:08 inf MNT > Monitor: Aviator&Latam bots started
08.04.2024 11:57:22 err MNT > Общий сбой Сервис недоступен
08.04.2024 11:57:32 err MNT > Общий сбой Сервис недоступен
08.04.2024 11:57:42 err MNT > Общий сбой Сервис недоступен
08.04.2024 11:57:52 err MNT > Общий сбой Сервис недоступен
08.04.2024 11:57:56 err MNT > 
SendDiagnosticsResult Подключение не установлено, т.к. конечный компьютер отверг запрос на подключение. (localhost:5000)
08.04.2024 11:58:02 err MNT > Общий сбой Сервис недоступен
08.04.2024 11:58:06 err MNT > 
SendDiagnosticsResult Подключение не установлено, т.к. конечный компьютер отверг запрос на подключение. (localhost:5000)
08.04.2024 11:58:12 err MNT > Общий сбой Сервис недоступен
08.04.2024 11:58:22 err MNT > Общий сбой Сервис недоступен
08.04.2024 11:58:32 err MNT > Общий сбой Сервис недоступен
08.04.2024 11:58:42 err MNT > Общий сбой Сервис недоступен
08.04.2024 11:58:46 err MNT > 
SendDiagnosticsResult Подключение не установлено, т.к. конечный компьютер отверг запрос на подключение. (localhost:5000)
08.04.2024 11:58:52 err MNT > Общий сбой Сервис недоступен
08.04.2024 11:58:56 err MNT > 
SendDiagnosticsResult Подключение не установлено, т.к. конечный компьютер отверг запрос на подключение. (localhost:5000)
08.04.2024 11:59:02 err MNT > Общий сбой Сервис недоступен
08.04.2024 11:59:06 err MNT > 
SendDiagnosticsResult Подключение не установлено, т.к. конечный компьютер отверг запрос на подключение. (localhost:5000)
08.04.2024 11:59:12 err MNT > Общий сбой Сервис недоступен
08.04.2024 11:59:16 err MNT > 
SendDiagnosticsResult Подключение не установлено, т.к. конечный компьютер отверг запрос на подключение. (localhost:5000)
08.04.2024 11:59:22 err MNT > Общий сбой Сервис недоступен
08.04.2024 11:59:26 err MNT > 
SendDiagnosticsResult Подключение не установлено, т.к. конечный компьютер отверг запрос на подключение. (localhost:5000)
08.04.2024 11:59:32 err MNT > Общий сбой Сервис недоступен
08.04.2024 11:59:36 err MNT > 
SendDiagnosticsResult Подключение не установлено, т.к. конечный компьютер отверг запрос на подключение. (localhost:5000)
08.04.2024 11:59:42 err MNT > Общий сбой Сервис недоступен
08.04.2024 11:59:46 err MNT > 
SendDiagnosticsResult Подключение не установлено, т.к. конечный компьютер отверг запрос на подключение. (localhost:5000)
08.04.2024 11:59:52 err MNT > Общий сбой Сервис недоступен
08.04.2024 11:59:56 err MNT > 
SendDiagnosticsResult Подключение не установлено, т.к. конечный компьютер отверг запрос на подключение. (localhost:5000)
08.04.2024 12:00:02 err MNT > Общий сбой Сервис недоступен
08.04.2024 12:00:06 err MNT > 
SendDiagnosticsResult Подключение не установлено, т.к. конечный компьютер отверг запрос на подключение. (localhost:5000)
08.04.2024 12:00:12 err MNT > Общий сбой Сервис недоступен
08.04.2024 12:00:16 err MNT > 
SendDiagnosticsResult Подключение не установлено, т.к. конечный компьютер отверг запрос на подключение. (localhost:5000)
08.04.2024 12:00:22 err MNT > Общий сбой Сервис недоступен
08.04.2024 12:00:26 err MNT > 
SendDiagnosticsResult Подключение не установлено, т.к. конечный компьютер отверг запрос на подключение. (localhost:5000)
08.04.2024 12:00:32 err MNT > Общий сбой Сервис недоступен
08.04.2024 12:00:36 err MNT > 
SendDiagnosticsResult Подключение не установлено, т.к. конечный компьютер отверг запрос на подключение. (localhost:5000)
08.04.2024 12:00:42 err MNT > Общий сбой Сервис недоступен
08.04.2024 12:00:52 err MNT > Общий сбой Сервис недоступен
08.04.2024 12:01:02 err MNT > Общий сбой Сервис недоступен
08.04.2024 12:01:12 err MNT > Общий сбой Сервис недоступен
08.04.2024 12:01:22 err MNT > Общий сбой Сервис недоступен
08.04.2024 12:01:32 err MNT > Общий сбой Сервис недоступен
08.04.2024 12:01:42 err MNT > Общий сбой Сервис недоступен
08.04.2024 12:01:52 err MNT > Общий сбой Сервис недоступен
08.04.2024 12:02:02 err MNT > Общий сбой Сервис недоступен
08.04.2024 12:02:12 err MNT > Общий сбой Сервис недоступен
08.04.2024 12:02:22 err MNT > Общий сбой Сервис недоступен
08.04.2024 12:02:32 err MNT > Общий сбой Сервис недоступен
08.04.2024 12:02:42 err MNT > Общий сбой Сервис недоступен
08.04.2024 12:02:52 err MNT > Общий сбой Сервис недоступен
08.04.2024 12:03:02 err MNT > Общий сбой Сервис недоступен
08.04.2024 12:03:12 err MNT > Общий сбой Сервис недоступен
08.04.2024 12:03:18 err MNT > LBOT02 Ошибка API: Вероятно дублирование токенов

08.04.2024 12:03:18 err MNT > BOT21 Бот не активен
Ошибка API: Не удалось выполнить запрос

08.04.2024 12:03:18 err MNT > LBOT01 Ошибка API: Вероятно дублирование токенов

08.04.2024 12:03:28 err MNT > LBOT02 Ошибка API: Вероятно дублирование токенов

08.04.2024 12:03:28 err MNT > BOT21 Бот не активен
Ошибка API: Не удалось выполнить запрос

08.04.2024 12:03:28 err MNT > LBOT01 Ошибка API: Вероятно дублирование токенов

08.04.2024 12:03:38 err MNT > LBOT02 Ошибка API: Вероятно дублирование токенов

08.04.2024 12:03:38 err MNT > BOT21 Бот не активен
Ошибка API: Не удалось выполнить запрос

08.04.2024 12:03:38 err MNT > LBOT01 Ошибка API: Вероятно дублирование токенов

08.04.2024 12:03:48 err MNT > LBOT02 Ошибка API: Вероятно дублирование токенов

08.04.2024 12:03:48 err MNT > BOT21 Бот не активен
Ошибка API: Не удалось выполнить запрос

08.04.2024 12:03:48 err MNT > LBOT01 Ошибка API: Вероятно дублирование токенов

08.04.2024 12:03:58 err MNT > LBOT02 Ошибка API: Вероятно дублирование токенов

08.04.2024 12:03:58 err MNT > BOT21 Бот не активен
Ошибка API: Не удалось выполнить запрос

08.04.2024 12:03:58 err MNT > LBOT01 Ошибка API: Вероятно дублирование токенов

08.04.2024 12:04:08 err MNT > LBOT02 Ошибка API: Вероятно дублирование токенов

08.04.2024 12:04:08 err MNT > BOT21 Бот не активен
Ошибка API: Не удалось выполнить запрос

08.04.2024 12:04:08 err MNT > LBOT01 Ошибка API: Вероятно дублирование токенов

08.04.2024 12:04:18 err MNT > LBOT02 Бот не активен
Ошибка API: Вероятно дублирование токенов

08.04.2024 12:04:18 err MNT > BOT21 Бот не активен
Ошибка API: Не удалось выполнить запрос

08.04.2024 12:04:18 err MNT > LBOT01 Ошибка API: Вероятно дублирование токенов

08.04.2024 12:04:28 err MNT > LBOT02 Бот не активен

08.04.2024 12:04:28 err MNT > BOT21 Бот не активен
Ошибка API: Не удалось выполнить запрос

08.04.2024 12:04:38 err MNT > LBOT02 Бот не активен

08.04.2024 12:04:38 err MNT > BOT21 Бот не активен
Ошибка API: Не удалось выполнить запрос

08.04.2024 12:04:48 err MNT > LBOT02 Бот не активен

08.04.2024 12:04:48 err MNT > BOT21 Бот не активен
Ошибка API: Не удалось выполнить запрос

08.04.2024 12:04:58 err MNT > LBOT02 Бот не активен

08.04.2024 12:04:58 err MNT > BOT21 Бот не активен
Ошибка API: Не удалось выполнить запрос

08.04.2024 12:05:08 err MNT > LBOT02 Бот не активен

08.04.2024 12:05:08 err MNT > BOT21 Бот не активен
Ошибка API: Не удалось выполнить запрос

08.04.2024 12:05:18 err MNT > LBOT02 Бот не активен

08.04.2024 12:05:18 err MNT > BOT21 Бот не активен
Ошибка API: Не удалось выполнить запрос

08.04.2024 12:05:28 err MNT > LBOT02 Бот не активен

08.04.2024 12:05:28 err MNT > BOT21 Бот не активен
Ошибка API: Не удалось выполнить запрос

08.04.2024 12:05:38 err MNT > LBOT02 Бот не активен

08.04.2024 12:05:38 err MNT > BOT21 Бот не активен
Ошибка API: Не удалось выполнить запрос

08.04.2024 12:05:48 err MNT > LBOT02 Бот не активен

08.04.2024 12:05:48 err MNT > BOT21 Бот не активен
Ошибка API: Не удалось выполнить запрос

08.04.2024 12:05:58 err MNT > LBOT02 Бот не активен

08.04.2024 12:05:58 err MNT > BOT21 Бот не активен
Ошибка API: Не удалось выполнить запрос

08.04.2024 12:06:08 err MNT > LBOT02 Бот не активен

08.04.2024 12:06:08 err MNT > BOT21 Бот не активен
Ошибка API: Не удалось выполнить запрос

08.04.2024 12:06:18 err MNT > LBOT02 Бот не активен

08.04.2024 12:06:18 err MNT > BOT21 Бот не активен
Ошибка API: Не удалось выполнить запрос

08.04.2024 12:06:28 err MNT > LBOT02 Бот не активен

08.04.2024 12:06:28 err MNT > BOT21 Бот не активен
Ошибка API: Не удалось выполнить запрос

08.04.2024 12:06:40 err MNT > BOT21 Бот не активен

08.04.2024 12:06:48 err MNT > LBOT02 Ошибка API: Вероятно дублирование токенов

08.04.2024 12:06:48 err MNT > BOT21 Бот не активен

08.04.2024 12:06:48 err MNT > LBOT01 Ошибка API: Вероятно дублирование токенов

08.04.2024 12:06:58 err MNT > LBOT02 Ошибка API: Вероятно дублирование токенов

08.04.2024 12:06:58 err MNT > BOT21 Бот не активен

08.04.2024 12:06:58 err MNT > LBOT01 Ошибка API: Вероятно дублирование токенов

08.04.2024 12:07:08 err MNT > LBOT02 Бот не активен

08.04.2024 12:07:08 err MNT > BOT21 Бот не активен

08.04.2024 12:07:18 err MNT > LBOT02 Бот не активен

08.04.2024 12:07:18 err MNT > BOT21 Бот не активен

08.04.2024 12:07:28 err MNT > LBOT02 Бот не активен

08.04.2024 12:07:28 err MNT > BOT21 Бот не активен

08.04.2024 12:07:28 err MNT > LBOT01 Бот не активен

08.04.2024 12:07:38 err MNT > LBOT02 Бот не активен

08.04.2024 12:07:38 err MNT > BOT21 Бот не активен

08.04.2024 12:07:38 err MNT > LBOT01 Бот не активен

08.04.2024 12:07:48 err MNT > BOT21 Бот не активен

08.04.2024 12:07:48 err MNT > LBOT01 Бот не активен

08.04.2024 12:07:58 err MNT > BOT21 Бот не активен

08.04.2024 12:07:58 err MNT > LBOT01 Бот не активен

08.04.2024 12:08:08 err MNT > BOT21 Бот не активен

08.04.2024 12:08:08 err MNT > LBOT01 Бот не активен

08.04.2024 12:08:18 err MNT > BOT21 Бот не активен

08.04.2024 12:08:18 err MNT > LBOT01 Бот не активен

08.04.2024 12:08:28 err MNT > BOT21 Бот не активен

08.04.2024 12:08:28 err MNT > LBOT01 Бот не активен

08.04.2024 12:08:32 err MNT > 
SendDiagnosticsResult Подключение не установлено, т.к. конечный компьютер отверг запрос на подключение. (localhost:5000)
08.04.2024 12:08:38 err MNT > BOT21 Бот не активен

08.04.2024 12:08:38 err MNT > LBOT01 Бот не активен

08.04.2024 12:08:42 err MNT > 
SendDiagnosticsResult Подключение не установлено, т.к. конечный компьютер отверг запрос на подключение. (localhost:5000)
08.04.2024 12:08:48 err MNT > BOT21 Бот не активен

08.04.2024 12:08:48 err MNT > LBOT01 Бот не активен

08.04.2024 12:08:52 err MNT > 
SendDiagnosticsResult Подключение не установлено, т.к. конечный компьютер отверг запрос на подключение. (localhost:5000)
08.04.2024 12:08:58 err MNT > BOT21 Бот не активен

08.04.2024 12:08:58 err MNT > LBOT01 Бот не активен

08.04.2024 12:09:02 err MNT > 
SendDiagnosticsResult Подключение не установлено, т.к. конечный компьютер отверг запрос на подключение. (localhost:5000)
08.04.2024 12:09:08 err MNT > BOT21 Бот не активен

08.04.2024 12:09:08 err MNT > LBOT01 Бот не активен

08.04.2024 12:09:12 err MNT > 
SendDiagnosticsResult Подключение не установлено, т.к. конечный компьютер отверг запрос на подключение. (localhost:5000)
08.04.2024 12:09:18 err MNT > BOT21 Бот не активен

08.04.2024 12:09:18 err MNT > LBOT01 Бот не активен

08.04.2024 12:09:22 err MNT > 
SendDiagnosticsResult Подключение не установлено, т.к. конечный компьютер отверг запрос на подключение. (localhost:5000)
08.04.2024 12:09:28 err MNT > BOT21 Бот не активен

08.04.2024 12:09:28 err MNT > LBOT01 Бот не активен

08.04.2024 12:09:32 err MNT > 
SendDiagnosticsResult Подключение не установлено, т.к. конечный компьютер отверг запрос на подключение. (localhost:5000)
08.04.2024 12:09:38 err MNT > BOT21 Бот не активен

08.04.2024 12:09:38 err MNT > LBOT01 Бот не активен

08.04.2024 12:09:42 err MNT > 
SendDiagnosticsResult Подключение не установлено, т.к. конечный компьютер отверг запрос на подключение. (localhost:5000)
08.04.2024 12:09:48 err MNT > BOT21 Бот не активен

08.04.2024 12:09:48 err MNT > LBOT01 Бот не активен

08.04.2024 12:09:52 err MNT > 
SendDiagnosticsResult Подключение не установлено, т.к. конечный компьютер отверг запрос на подключение. (localhost:5000)
08.04.2024 12:09:58 err MNT > BOT21 Бот не активен

08.04.2024 12:09:58 err MNT > LBOT01 Бот не активен

08.04.2024 12:10:02 err MNT > 
SendDiagnosticsResult Подключение не установлено, т.к. конечный компьютер отверг запрос на подключение. (localhost:5000)
08.04.2024 12:10:08 err MNT > BOT21 Бот не активен

08.04.2024 12:10:08 err MNT > LBOT01 Бот не активен

08.04.2024 12:10:12 err MNT > 
SendDiagnosticsResult Подключение не установлено, т.к. конечный компьютер отверг запрос на подключение. (localhost:5000)
08.04.2024 12:10:18 err MNT > BOT21 Бот не активен

08.04.2024 12:10:18 err MNT > LBOT01 Бот не активен

08.04.2024 12:10:22 err MNT > 
SendDiagnosticsResult Подключение не установлено, т.к. конечный компьютер отверг запрос на подключение. (localhost:5000)
08.04.2024 12:10:28 err MNT > BOT21 Бот не активен

08.04.2024 12:10:28 err MNT > LBOT01 Бот не активен

08.04.2024 12:10:32 err MNT > 
SendDiagnosticsResult Подключение не установлено, т.к. конечный компьютер отверг запрос на подключение. (localhost:5000)
08.04.2024 12:10:38 err MNT > BOT21 Бот не активен

08.04.2024 12:10:38 err MNT > LBOT01 Бот не активен

08.04.2024 12:10:42 err MNT > 
SendDiagnosticsResult Подключение не установлено, т.к. конечный компьютер отверг запрос на подключение. (localhost:5000)
08.04.2024 12:10:48 err MNT > BOT21 Бот не активен

08.04.2024 12:10:48 err MNT > LBOT01 Бот не активен

08.04.2024 12:10:52 err MNT > 
SendDiagnosticsResult Подключение не установлено, т.к. конечный компьютер отверг запрос на подключение. (localhost:5000)
08.04.2024 12:10:58 err MNT > BOT21 Бот не активен

08.04.2024 12:10:58 err MNT > LBOT01 Бот не активен

08.04.2024 12:11:02 err MNT > 
SendDiagnosticsResult Подключение не установлено, т.к. конечный компьютер отверг запрос на подключение. (localhost:5000)
08.04.2024 12:11:08 err MNT > BOT21 Бот не активен

08.04.2024 12:11:08 err MNT > LBOT01 Бот не активен

08.04.2024 12:11:12 err MNT > 
SendDiagnosticsResult Подключение не установлено, т.к. конечный компьютер отверг запрос на подключение. (localhost:5000)
08.04.2024 12:11:18 err MNT > BOT21 Бот не активен

08.04.2024 12:11:18 err MNT > LBOT01 Бот не активен

08.04.2024 12:11:22 err MNT > 
SendDiagnosticsResult Подключение не установлено, т.к. конечный компьютер отверг запрос на подключение. (localhost:5000)
08.04.2024 12:11:28 err MNT > BOT21 Бот не активен

08.04.2024 12:11:28 err MNT > LBOT01 Бот не активен

08.04.2024 12:11:32 err MNT > 
SendDiagnosticsResult Подключение не установлено, т.к. конечный компьютер отверг запрос на подключение. (localhost:5000)
08.04.2024 12:11:38 err MNT > BOT21 Бот не активен

08.04.2024 12:11:38 err MNT > LBOT01 Бот не активен

08.04.2024 12:11:42 err MNT > 
SendDiagnosticsResult Подключение не установлено, т.к. конечный компьютер отверг запрос на подключение. (localhost:5000)
08.04.2024 12:11:48 err MNT > BOT21 Бот не активен

08.04.2024 12:11:48 err MNT > LBOT01 Бот не активен

08.04.2024 12:11:52 err MNT > 
SendDiagnosticsResult Подключение не установлено, т.к. конечный компьютер отверг запрос на подключение. (localhost:5000)
08.04.2024 12:11:58 err MNT > BOT21 Бот не активен

08.04.2024 12:11:58 err MNT > LBOT01 Бот не активен

08.04.2024 12:12:02 err MNT > 
SendDiagnosticsResult Подключение не установлено, т.к. конечный компьютер отверг запрос на подключение. (localhost:5000)
08.04.2024 12:12:08 err MNT > BOT21 Бот не активен

08.04.2024 12:12:08 err MNT > LBOT01 Бот не активен

08.04.2024 12:12:12 err MNT > 
SendDiagnosticsResult Подключение не установлено, т.к. конечный компьютер отверг запрос на подключение. (localhost:5000)
08.04.2024 12:12:18 err MNT > BOT21 Бот не активен

08.04.2024 12:12:18 err MNT > LBOT01 Бот не активен

08.04.2024 12:12:22 err MNT > 
SendDiagnosticsResult Подключение не установлено, т.к. конечный компьютер отверг запрос на подключение. (localhost:5000)
08.04.2024 12:12:28 err MNT > BOT21 Бот не активен

08.04.2024 12:12:28 err MNT > LBOT01 Бот не активен

08.04.2024 12:12:32 err MNT > 
SendDiagnosticsResult Подключение не установлено, т.к. конечный компьютер отверг запрос на подключение. (localhost:5000)
08.04.2024 12:12:38 err MNT > BOT21 Бот не активен

08.04.2024 12:12:38 err MNT > LBOT01 Бот не активен

08.04.2024 12:12:42 err MNT > 
SendDiagnosticsResult Подключение не установлено, т.к. конечный компьютер отверг запрос на подключение. (localhost:5000)
08.04.2024 12:12:48 err MNT > BOT21 Бот не активен

08.04.2024 12:12:48 err MNT > LBOT01 Бот не активен

08.04.2024 12:12:52 err MNT > 
SendDiagnosticsResult Подключение не установлено, т.к. конечный компьютер отверг запрос на подключение. (localhost:5000)
08.04.2024 12:12:58 err MNT > BOT21 Бот не активен

08.04.2024 12:12:58 err MNT > LBOT01 Бот не активен

08.04.2024 12:13:02 err MNT > 
SendDiagnosticsResult Подключение не установлено, т.к. конечный компьютер отверг запрос на подключение. (localhost:5000)
08.04.2024 12:13:08 err MNT > BOT21 Бот не активен

08.04.2024 12:13:08 err MNT > LBOT01 Бот не активен

08.04.2024 12:13:12 err MNT > 
SendDiagnosticsResult Подключение не установлено, т.к. конечный компьютер отверг запрос на подключение. (localhost:5000)
08.04.2024 12:13:18 err MNT > BOT21 Бот не активен

08.04.2024 12:13:18 err MNT > LBOT01 Бот не активен

08.04.2024 12:13:22 err MNT > 
SendDiagnosticsResult Подключение не установлено, т.к. конечный компьютер отверг запрос на подключение. (localhost:5000)
08.04.2024 12:13:28 err MNT > BOT21 Бот не активен

08.04.2024 12:13:28 err MNT > LBOT01 Бот не активен

08.04.2024 12:13:32 err MNT > 
SendDiagnosticsResult Подключение не установлено, т.к. конечный компьютер отверг запрос на подключение. (localhost:5000)
08.04.2024 12:13:38 err MNT > BOT21 Бот не активен

08.04.2024 12:13:38 err MNT > LBOT01 Бот не активен

08.04.2024 12:13:42 err MNT > 
SendDiagnosticsResult Подключение не установлено, т.к. конечный компьютер отверг запрос на подключение. (localhost:5000)
08.04.2024 12:13:48 err MNT > BOT21 Бот не активен

08.04.2024 12:13:48 err MNT > LBOT01 Бот не активен

08.04.2024 12:13:52 err MNT > 
SendDiagnosticsResult Подключение не установлено, т.к. конечный компьютер отверг запрос на подключение. (localhost:5000)
08.04.2024 12:13:58 err MNT > BOT21 Бот не активен

08.04.2024 12:13:58 err MNT > LBOT01 Бот не активен

08.04.2024 12:14:02 err MNT > 
SendDiagnosticsResult Подключение не установлено, т.к. конечный компьютер отверг запрос на подключение. (localhost:5000)
08.04.2024 12:14:08 err MNT > BOT21 Бот не активен

08.04.2024 12:14:08 err MNT > LBOT01 Бот не активен

08.04.2024 12:14:12 err MNT > 
SendDiagnosticsResult Подключение не установлено, т.к. конечный компьютер отверг запрос на подключение. (localhost:5000)
08.04.2024 12:14:18 err MNT > BOT21 Бот не активен

08.04.2024 12:14:18 err MNT > LBOT01 Бот не активен

08.04.2024 12:14:22 err MNT > 
SendDiagnosticsResult Подключение не установлено, т.к. конечный компьютер отверг запрос на подключение. (localhost:5000)
08.04.2024 12:14:28 err MNT > BOT21 Бот не активен

08.04.2024 12:14:28 err MNT > LBOT01 Бот не активен

08.04.2024 12:14:32 err MNT > 
SendDiagnosticsResult Подключение не установлено, т.к. конечный компьютер отверг запрос на подключение. (localhost:5000)
08.04.2024 12:14:38 err MNT > BOT21 Бот не активен

08.04.2024 12:14:38 err MNT > LBOT01 Бот не активен

08.04.2024 12:14:42 err MNT > 
SendDiagnosticsResult Подключение не установлено, т.к. конечный компьютер отверг запрос на подключение. (localhost:5000)
08.04.2024 12:14:48 err MNT > BOT21 Бот не активен

08.04.2024 12:14:48 err MNT > LBOT01 Бот не активен

08.04.2024 12:14:52 err MNT > 
SendDiagnosticsResult Подключение не установлено, т.к. конечный компьютер отверг запрос на подключение. (localhost:5000)
08.04.2024 12:14:58 err MNT > BOT21 Бот не активен

08.04.2024 12:14:58 err MNT > LBOT01 Бот не активен

08.04.2024 12:15:02 err MNT > 
SendDiagnosticsResult Подключение не установлено, т.к. конечный компьютер отверг запрос на подключение. (localhost:5000)
08.04.2024 12:15:08 err MNT > BOT21 Бот не активен

08.04.2024 12:15:08 err MNT > LBOT01 Бот не активен

08.04.2024 12:15:12 err MNT > 
SendDiagnosticsResult Подключение не установлено, т.к. конечный компьютер отверг запрос на подключение. (localhost:5000)
08.04.2024 12:15:18 err MNT > BOT21 Бот не активен

08.04.2024 12:15:18 err MNT > LBOT01 Бот не активен

08.04.2024 12:15:22 err MNT > 
SendDiagnosticsResult Подключение не установлено, т.к. конечный компьютер отверг запрос на подключение. (localhost:5000)
08.04.2024 12:15:28 err MNT > BOT21 Бот не активен

08.04.2024 12:15:28 err MNT > LBOT01 Бот не активен

08.04.2024 12:15:32 err MNT > 
SendDiagnosticsResult Подключение не установлено, т.к. конечный компьютер отверг запрос на подключение. (localhost:5000)
08.04.2024 12:15:38 err MNT > BOT21 Бот не активен

08.04.2024 12:15:38 err MNT > LBOT01 Бот не активен

08.04.2024 12:15:42 err MNT > 
SendDiagnosticsResult Подключение не установлено, т.к. конечный компьютер отверг запрос на подключение. (localhost:5000)
08.04.2024 12:15:48 err MNT > BOT21 Бот не активен

08.04.2024 12:15:48 err MNT > LBOT01 Бот не активен

08.04.2024 12:15:52 err MNT > 
SendDiagnosticsResult Подключение не установлено, т.к. конечный компьютер отверг запрос на подключение. (localhost:5000)
08.04.2024 12:15:58 err MNT > BOT21 Бот не активен

08.04.2024 12:15:58 err MNT > LBOT01 Бот не активен

08.04.2024 12:16:02 err MNT > 
SendDiagnosticsResult Подключение не установлено, т.к. конечный компьютер отверг запрос на подключение. (localhost:5000)
08.04.2024 12:16:08 err MNT > BOT21 Бот не активен

08.04.2024 12:16:08 err MNT > LBOT01 Бот не активен

08.04.2024 12:16:12 err MNT > 
SendDiagnosticsResult Подключение не установлено, т.к. конечный компьютер отверг запрос на подключение. (localhost:5000)
08.04.2024 12:16:18 err MNT > BOT21 Бот не активен

08.04.2024 12:16:18 err MNT > LBOT01 Бот не активен

08.04.2024 12:16:22 err MNT > 
SendDiagnosticsResult Подключение не установлено, т.к. конечный компьютер отверг запрос на подключение. (localhost:5000)
08.04.2024 12:16:28 err MNT > BOT21 Бот не активен

08.04.2024 12:16:28 err MNT > LBOT01 Бот не активен

08.04.2024 12:16:32 err MNT > 
SendDiagnosticsResult Подключение не установлено, т.к. конечный компьютер отверг запрос на подключение. (localhost:5000)
08.04.2024 12:16:38 err MNT > BOT21 Бот не активен

08.04.2024 12:16:38 err MNT > LBOT01 Бот не активен

08.04.2024 12:16:42 err MNT > 
SendDiagnosticsResult Подключение не установлено, т.к. конечный компьютер отверг запрос на подключение. (localhost:5000)
08.04.2024 12:16:48 err MNT > BOT21 Бот не активен

08.04.2024 12:16:48 err MNT > LBOT01 Бот не активен

08.04.2024 12:16:52 err MNT > 
SendDiagnosticsResult Подключение не установлено, т.к. конечный компьютер отверг запрос на подключение. (localhost:5000)
08.04.2024 12:16:58 err MNT > BOT21 Бот не активен

08.04.2024 12:16:58 err MNT > LBOT01 Бот не активен

08.04.2024 12:17:02 err MNT > 
SendDiagnosticsResult Подключение не установлено, т.к. конечный компьютер отверг запрос на подключение. (localhost:5000)
08.04.2024 12:17:08 err MNT > BOT21 Бот не активен

08.04.2024 12:17:08 err MNT > LBOT01 Бот не активен

08.04.2024 12:17:12 err MNT > 
SendDiagnosticsResult Подключение не установлено, т.к. конечный компьютер отверг запрос на подключение. (localhost:5000)
08.04.2024 12:17:18 err MNT > BOT21 Бот не активен

08.04.2024 12:17:18 err MNT > LBOT01 Бот не активен

08.04.2024 12:17:22 err MNT > 
SendDiagnosticsResult Подключение не установлено, т.к. конечный компьютер отверг запрос на подключение. (localhost:5000)
08.04.2024 12:17:28 err MNT > BOT21 Бот не активен

08.04.2024 12:17:28 err MNT > LBOT01 Бот не активен

08.04.2024 12:17:32 err MNT > 
SendDiagnosticsResult Подключение не установлено, т.к. конечный компьютер отверг запрос на подключение. (localhost:5000)
08.04.2024 12:17:38 err MNT > BOT21 Бот не активен

08.04.2024 12:17:38 err MNT > LBOT01 Бот не активен

08.04.2024 12:17:42 err MNT > 
SendDiagnosticsResult Подключение не установлено, т.к. конечный компьютер отверг запрос на подключение. (localhost:5000)
08.04.2024 12:17:48 err MNT > BOT21 Бот не активен

08.04.2024 12:17:48 err MNT > LBOT01 Бот не активен

08.04.2024 12:17:52 err MNT > 
SendDiagnosticsResult Подключение не установлено, т.к. конечный компьютер отверг запрос на подключение. (localhost:5000)
08.04.2024 12:17:58 err MNT > BOT21 Бот не активен

08.04.2024 12:17:58 err MNT > LBOT01 Бот не активен

08.04.2024 12:18:02 err MNT > 
SendDiagnosticsResult Подключение не установлено, т.к. конечный компьютер отверг запрос на подключение. (localhost:5000)
08.04.2024 12:18:08 err MNT > BOT21 Бот не активен

08.04.2024 12:18:08 err MNT > LBOT01 Бот не активен

08.04.2024 12:18:12 err MNT > 
SendDiagnosticsResult Подключение не установлено, т.к. конечный компьютер отверг запрос на подключение. (localhost:5000)
08.04.2024 12:18:18 err MNT > BOT21 Бот не активен

08.04.2024 12:18:18 err MNT > LBOT01 Бот не активен

08.04.2024 12:18:22 err MNT > 
SendDiagnosticsResult Подключение не установлено, т.к. конечный компьютер отверг запрос на подключение. (localhost:5000)
08.04.2024 12:18:28 err MNT > BOT21 Бот не активен

08.04.2024 12:18:28 err MNT > LBOT01 Бот не активен

08.04.2024 12:18:32 err MNT > 
SendDiagnosticsResult Подключение не установлено, т.к. конечный компьютер отверг запрос на подключение. (localhost:5000)
08.04.2024 12:18:38 err MNT > BOT21 Бот не активен

08.04.2024 12:18:38 err MNT > LBOT01 Бот не активен

08.04.2024 12:18:42 err MNT > 
SendDiagnosticsResult Подключение не установлено, т.к. конечный компьютер отверг запрос на подключение. (localhost:5000)
08.04.2024 12:18:48 err MNT > BOT21 Бот не активен

08.04.2024 12:18:48 err MNT > LBOT01 Бот не активен

08.04.2024 12:18:52 err MNT > 
SendDiagnosticsResult Подключение не установлено, т.к. конечный компьютер отверг запрос на подключение. (localhost:5000)
08.04.2024 12:18:58 err MNT > BOT21 Бот не активен

08.04.2024 12:18:58 err MNT > LBOT01 Бот не активен

08.04.2024 12:19:02 err MNT > 
SendDiagnosticsResult Подключение не установлено, т.к. конечный компьютер отверг запрос на подключение. (localhost:5000)
08.04.2024 12:19:08 err MNT > BOT21 Бот не активен

08.04.2024 12:19:08 err MNT > LBOT01 Бот не активен

08.04.2024 12:19:12 err MNT > 
SendDiagnosticsResult Подключение не установлено, т.к. конечный компьютер отверг запрос на подключение. (localhost:5000)
08.04.2024 12:19:18 err MNT > BOT21 Бот не активен

08.04.2024 12:19:18 err MNT > LBOT01 Бот не активен

08.04.2024 12:19:22 err MNT > 
SendDiagnosticsResult Подключение не установлено, т.к. конечный компьютер отверг запрос на подключение. (localhost:5000)
08.04.2024 12:19:28 err MNT > BOT21 Бот не активен

08.04.2024 12:19:28 err MNT > LBOT01 Бот не активен

08.04.2024 12:19:32 err MNT > 
SendDiagnosticsResult Подключение не установлено, т.к. конечный компьютер отверг запрос на подключение. (localhost:5000)
08.04.2024 12:19:38 err MNT > BOT21 Бот не активен

08.04.2024 12:19:38 err MNT > LBOT01 Бот не активен

08.04.2024 12:19:42 err MNT > 
SendDiagnosticsResult Подключение не установлено, т.к. конечный компьютер отверг запрос на подключение. (localhost:5000)
08.04.2024 12:19:48 err MNT > BOT21 Бот не активен

08.04.2024 12:19:48 err MNT > LBOT01 Бот не активен

08.04.2024 12:19:52 err MNT > 
SendDiagnosticsResult Подключение не установлено, т.к. конечный компьютер отверг запрос на подключение. (localhost:5000)
08.04.2024 12:19:58 err MNT > BOT21 Бот не активен

08.04.2024 12:19:58 err MNT > LBOT01 Бот не активен

08.04.2024 12:20:02 err MNT > 
SendDiagnosticsResult Подключение не установлено, т.к. конечный компьютер отверг запрос на подключение. (localhost:5000)
08.04.2024 12:20:08 err MNT > BOT21 Бот не активен

08.04.2024 12:20:08 err MNT > LBOT01 Бот не активен

08.04.2024 12:20:12 err MNT > 
SendDiagnosticsResult Подключение не установлено, т.к. конечный компьютер отверг запрос на подключение. (localhost:5000)
08.04.2024 12:20:18 err MNT > BOT21 Бот не активен

08.04.2024 12:20:18 err MNT > LBOT01 Бот не активен

08.04.2024 12:20:22 err MNT > 
SendDiagnosticsResult Подключение не установлено, т.к. конечный компьютер отверг запрос на подключение. (localhost:5000)
08.04.2024 12:20:28 err MNT > BOT21 Бот не активен

08.04.2024 12:20:28 err MNT > LBOT01 Бот не активен

08.04.2024 12:20:32 err MNT > 
SendDiagnosticsResult Подключение не установлено, т.к. конечный компьютер отверг запрос на подключение. (localhost:5000)
08.04.2024 12:20:38 err MNT > BOT21 Бот не активен

08.04.2024 12:20:38 err MNT > LBOT01 Бот не активен

08.04.2024 12:20:42 err MNT > 
SendDiagnosticsResult Подключение не установлено, т.к. конечный компьютер отверг запрос на подключение. (localhost:5000)
08.04.2024 12:20:48 err MNT > BOT21 Бот не активен

08.04.2024 12:20:48 err MNT > LBOT01 Бот не активен

08.04.2024 12:20:52 err MNT > 
SendDiagnosticsResult Подключение не установлено, т.к. конечный компьютер отверг запрос на подключение. (localhost:5000)
08.04.2024 12:20:58 err MNT > BOT21 Бот не активен

08.04.2024 12:20:58 err MNT > LBOT01 Бот не активен

08.04.2024 12:21:02 err MNT > 
SendDiagnosticsResult Подключение не установлено, т.к. конечный компьютер отверг запрос на подключение. (localhost:5000)
08.04.2024 12:21:08 err MNT > BOT21 Бот не активен

08.04.2024 12:21:08 err MNT > LBOT01 Бот не активен

08.04.2024 12:21:12 err MNT > 
SendDiagnosticsResult Подключение не установлено, т.к. конечный компьютер отверг запрос на подключение. (localhost:5000)
08.04.2024 12:21:18 err MNT > BOT21 Бот не активен

08.04.2024 12:21:18 err MNT > LBOT01 Бот не активен

08.04.2024 12:21:22 err MNT > 
SendDiagnosticsResult Подключение не установлено, т.к. конечный компьютер отверг запрос на подключение. (localhost:5000)
08.04.2024 12:21:28 err MNT > BOT21 Бот не активен

08.04.2024 12:21:28 err MNT > LBOT01 Бот не активен

08.04.2024 12:21:32 err MNT > 
SendDiagnosticsResult Подключение не установлено, т.к. конечный компьютер отверг запрос на подключение. (localhost:5000)
08.04.2024 12:21:38 err MNT > BOT21 Бот не активен

08.04.2024 12:21:38 err MNT > LBOT01 Бот не активен

08.04.2024 12:21:42 err MNT > 
SendDiagnosticsResult Подключение не установлено, т.к. конечный компьютер отверг запрос на подключение. (localhost:5000)
08.04.2024 12:21:48 err MNT > BOT21 Бот не активен

08.04.2024 12:21:48 err MNT > LBOT01 Бот не активен

08.04.2024 12:21:52 err MNT > 
SendDiagnosticsResult Подключение не установлено, т.к. конечный компьютер отверг запрос на подключение. (localhost:5000)
08.04.2024 12:21:58 err MNT > BOT21 Бот не активен

08.04.2024 12:21:58 err MNT > LBOT01 Бот не активен

08.04.2024 12:22:02 err MNT > 
SendDiagnosticsResult Подключение не установлено, т.к. конечный компьютер отверг запрос на подключение. (localhost:5000)
08.04.2024 12:22:08 err MNT > BOT21 Бот не активен

08.04.2024 12:22:08 err MNT > LBOT01 Бот не активен

08.04.2024 12:22:12 err MNT > 
SendDiagnosticsResult Подключение не установлено, т.к. конечный компьютер отверг запрос на подключение. (localhost:5000)
08.04.2024 12:22:18 err MNT > BOT21 Бот не активен

08.04.2024 12:22:18 err MNT > LBOT01 Бот не активен

08.04.2024 12:22:22 err MNT > 
SendDiagnosticsResult Подключение не установлено, т.к. конечный компьютер отверг запрос на подключение. (localhost:5000)
08.04.2024 12:22:28 err MNT > BOT21 Бот не активен

08.04.2024 12:22:28 err MNT > LBOT01 Бот не активен

08.04.2024 12:22:32 err MNT > 
SendDiagnosticsResult Подключение не установлено, т.к. конечный компьютер отверг запрос на подключение. (localhost:5000)
08.04.2024 12:22:38 err MNT > BOT21 Бот не активен

08.04.2024 12:22:38 err MNT > LBOT01 Бот не активен

08.04.2024 12:22:42 err MNT > 
SendDiagnosticsResult Подключение не установлено, т.к. конечный компьютер отверг запрос на подключение. (localhost:5000)
08.04.2024 12:22:48 err MNT > BOT21 Бот не активен

08.04.2024 12:22:48 err MNT > LBOT01 Бот не активен

08.04.2024 12:22:52 err MNT > 
SendDiagnosticsResult Подключение не установлено, т.к. конечный компьютер отверг запрос на подключение. (localhost:5000)
08.04.2024 12:22:58 err MNT > BOT21 Бот не активен

08.04.2024 12:22:58 err MNT > LBOT01 Бот не активен

08.04.2024 12:23:02 err MNT > 
SendDiagnosticsResult Подключение не установлено, т.к. конечный компьютер отверг запрос на подключение. (localhost:5000)
08.04.2024 12:23:08 err MNT > BOT21 Бот не активен

08.04.2024 12:23:08 err MNT > LBOT01 Бот не активен

08.04.2024 12:23:12 err MNT > 
SendDiagnosticsResult Подключение не установлено, т.к. конечный компьютер отверг запрос на подключение. (localhost:5000)
08.04.2024 12:23:18 err MNT > BOT21 Бот не активен

08.04.2024 12:23:18 err MNT > LBOT01 Бот не активен

08.04.2024 12:23:22 err MNT > 
SendDiagnosticsResult Подключение не установлено, т.к. конечный компьютер отверг запрос на подключение. (localhost:5000)
08.04.2024 12:23:28 err MNT > BOT21 Бот не активен

08.04.2024 12:23:28 err MNT > LBOT01 Бот не активен

08.04.2024 12:23:32 err MNT > 
SendDiagnosticsResult Подключение не установлено, т.к. конечный компьютер отверг запрос на подключение. (localhost:5000)
08.04.2024 12:23:38 err MNT > BOT21 Бот не активен

08.04.2024 12:23:38 err MNT > LBOT01 Бот не активен

08.04.2024 12:23:42 err MNT > 
SendDiagnosticsResult Подключение не установлено, т.к. конечный компьютер отверг запрос на подключение. (localhost:5000)
08.04.2024 12:23:48 err MNT > BOT21 Бот не активен

08.04.2024 12:23:48 err MNT > LBOT01 Бот не активен

08.04.2024 12:23:52 err MNT > 
SendDiagnosticsResult Подключение не установлено, т.к. конечный компьютер отверг запрос на подключение. (localhost:5000)
08.04.2024 12:23:58 err MNT > BOT21 Бот не активен

08.04.2024 12:23:58 err MNT > LBOT01 Бот не активен

08.04.2024 12:24:02 err MNT > 
SendDiagnosticsResult Подключение не установлено, т.к. конечный компьютер отверг запрос на подключение. (localhost:5000)
08.04.2024 12:24:08 err MNT > BOT21 Бот не активен

08.04.2024 12:24:08 err MNT > LBOT01 Бот не активен

08.04.2024 12:24:12 err MNT > 
SendDiagnosticsResult Подключение не установлено, т.к. конечный компьютер отверг запрос на подключение. (localhost:5000)
08.04.2024 12:24:18 err MNT > BOT21 Бот не активен

08.04.2024 12:24:18 err MNT > LBOT01 Бот не активен

08.04.2024 12:24:22 err MNT > 
SendDiagnosticsResult Подключение не установлено, т.к. конечный компьютер отверг запрос на подключение. (localhost:5000)
08.04.2024 12:24:28 err MNT > BOT21 Бот не активен

08.04.2024 12:24:28 err MNT > LBOT01 Бот не активен

08.04.2024 12:24:32 err MNT > 
SendDiagnosticsResult Подключение не установлено, т.к. конечный компьютер отверг запрос на подключение. (localhost:5000)
08.04.2024 12:24:38 err MNT > BOT21 Бот не активен

08.04.2024 12:24:38 err MNT > LBOT01 Бот не активен

08.04.2024 12:24:42 err MNT > 
SendDiagnosticsResult Подключение не установлено, т.к. конечный компьютер отверг запрос на подключение. (localhost:5000)
08.04.2024 12:24:48 err MNT > BOT21 Бот не активен

08.04.2024 12:24:48 err MNT > LBOT01 Бот не активен

08.04.2024 12:24:52 err MNT > 
SendDiagnosticsResult Подключение не установлено, т.к. конечный компьютер отверг запрос на подключение. (localhost:5000)
08.04.2024 12:24:58 err MNT > BOT21 Бот не активен

08.04.2024 12:24:58 err MNT > LBOT01 Бот не активен

08.04.2024 12:25:02 err MNT > 
SendDiagnosticsResult Подключение не установлено, т.к. конечный компьютер отверг запрос на подключение. (localhost:5000)
08.04.2024 12:25:08 err MNT > BOT21 Бот не активен

08.04.2024 12:25:08 err MNT > LBOT01 Бот не активен

08.04.2024 12:25:12 err MNT > 
SendDiagnosticsResult Подключение не установлено, т.к. конечный компьютер отверг запрос на подключение. (localhost:5000)
08.04.2024 12:25:18 err MNT > BOT21 Бот не активен

08.04.2024 12:25:18 err MNT > LBOT01 Бот не активен

08.04.2024 12:25:22 err MNT > 
SendDiagnosticsResult Подключение не установлено, т.к. конечный компьютер отверг запрос на подключение. (localhost:5000)
08.04.2024 12:25:28 err MNT > BOT21 Бот не активен

08.04.2024 12:25:28 err MNT > LBOT01 Бот не активен

08.04.2024 12:25:32 err MNT > 
SendDiagnosticsResult Подключение не установлено, т.к. конечный компьютер отверг запрос на подключение. (localhost:5000)
08.04.2024 12:25:38 err MNT > BOT21 Бот не активен

08.04.2024 12:25:38 err MNT > LBOT01 Бот не активен

08.04.2024 12:25:42 err MNT > 
SendDiagnosticsResult Подключение не установлено, т.к. конечный компьютер отверг запрос на подключение. (localhost:5000)
08.04.2024 12:25:48 err MNT > BOT21 Бот не активен

08.04.2024 12:25:48 err MNT > LBOT01 Бот не активен

08.04.2024 12:25:52 err MNT > 
SendDiagnosticsResult Подключение не установлено, т.к. конечный компьютер отверг запрос на подключение. (localhost:5000)
08.04.2024 12:25:58 err MNT > BOT21 Бот не активен

08.04.2024 12:25:58 err MNT > LBOT01 Бот не активен

08.04.2024 12:26:02 err MNT > 
SendDiagnosticsResult Подключение не установлено, т.к. конечный компьютер отверг запрос на подключение. (localhost:5000)
08.04.2024 12:26:08 err MNT > BOT21 Бот не активен

08.04.2024 12:26:08 err MNT > LBOT01 Бот не активен

08.04.2024 12:26:12 err MNT > 
SendDiagnosticsResult Подключение не установлено, т.к. конечный компьютер отверг запрос на подключение. (localhost:5000)
08.04.2024 12:26:18 err MNT > BOT21 Бот не активен

08.04.2024 12:26:18 err MNT > LBOT01 Бот не активен

08.04.2024 12:26:22 err MNT > 
SendDiagnosticsResult Подключение не установлено, т.к. конечный компьютер отверг запрос на подключение. (localhost:5000)
08.04.2024 12:26:28 err MNT > BOT21 Бот не активен

08.04.2024 12:26:28 err MNT > LBOT01 Бот не активен

08.04.2024 12:26:32 err MNT > 
SendDiagnosticsResult Подключение не установлено, т.к. конечный компьютер отверг запрос на подключение. (localhost:5000)
08.04.2024 12:26:38 err MNT > BOT21 Бот не активен

08.04.2024 12:26:38 err MNT > LBOT01 Бот не активен

08.04.2024 12:26:42 err MNT > 
SendDiagnosticsResult Подключение не установлено, т.к. конечный компьютер отверг запрос на подключение. (localhost:5000)
08.04.2024 12:26:48 err MNT > BOT21 Бот не активен

08.04.2024 12:26:48 err MNT > LBOT01 Бот не активен

08.04.2024 12:26:52 err MNT > 
SendDiagnosticsResult Подключение не установлено, т.к. конечный компьютер отверг запрос на подключение. (localhost:5000)
08.04.2024 12:26:58 err MNT > BOT21 Бот не активен

08.04.2024 12:26:58 err MNT > LBOT01 Бот не активен

08.04.2024 12:27:02 err MNT > 
SendDiagnosticsResult Подключение не установлено, т.к. конечный компьютер отверг запрос на подключение. (localhost:5000)
08.04.2024 12:27:08 err MNT > BOT21 Бот не активен

08.04.2024 12:27:08 err MNT > LBOT01 Бот не активен

08.04.2024 12:27:12 err MNT > 
SendDiagnosticsResult Подключение не установлено, т.к. конечный компьютер отверг запрос на подключение. (localhost:5000)
08.04.2024 12:27:18 err MNT > BOT21 Бот не активен

08.04.2024 12:27:18 err MNT > LBOT01 Бот не активен

08.04.2024 12:27:22 err MNT > 
SendDiagnosticsResult Подключение не установлено, т.к. конечный компьютер отверг запрос на подключение. (localhost:5000)
08.04.2024 12:27:28 err MNT > BOT21 Бот не активен

08.04.2024 12:27:28 err MNT > LBOT01 Бот не активен

08.04.2024 12:27:32 err MNT > 
SendDiagnosticsResult Подключение не установлено, т.к. конечный компьютер отверг запрос на подключение. (localhost:5000)
08.04.2024 12:27:38 err MNT > BOT21 Бот не активен

08.04.2024 12:27:38 err MNT > LBOT01 Бот не активен

08.04.2024 12:27:42 err MNT > 
SendDiagnosticsResult Подключение не установлено, т.к. конечный компьютер отверг запрос на подключение. (localhost:5000)
08.04.2024 12:27:48 err MNT > BOT21 Бот не активен

08.04.2024 12:27:48 err MNT > LBOT01 Бот не активен

08.04.2024 12:27:52 err MNT > 
SendDiagnosticsResult Подключение не установлено, т.к. конечный компьютер отверг запрос на подключение. (localhost:5000)
08.04.2024 12:27:58 err MNT > BOT21 Бот не активен

08.04.2024 12:27:58 err MNT > LBOT01 Бот не активен

08.04.2024 12:28:02 err MNT > 
SendDiagnosticsResult Подключение не установлено, т.к. конечный компьютер отверг запрос на подключение. (localhost:5000)
08.04.2024 12:28:08 err MNT > BOT21 Бот не активен

08.04.2024 12:28:08 err MNT > LBOT01 Бот не активен

08.04.2024 12:28:12 err MNT > 
SendDiagnosticsResult Подключение не установлено, т.к. конечный компьютер отверг запрос на подключение. (localhost:5000)
08.04.2024 12:28:18 err MNT > BOT21 Бот не активен

08.04.2024 12:28:18 err MNT > LBOT01 Бот не активен

08.04.2024 12:28:22 err MNT > 
SendDiagnosticsResult Подключение не установлено, т.к. конечный компьютер отверг запрос на подключение. (localhost:5000)
08.04.2024 12:28:28 err MNT > BOT21 Бот не активен

08.04.2024 12:28:28 err MNT > LBOT01 Бот не активен

08.04.2024 12:28:32 err MNT > 
SendDiagnosticsResult Подключение не установлено, т.к. конечный компьютер отверг запрос на подключение. (localhost:5000)
08.04.2024 12:28:38 err MNT > BOT21 Бот не активен

08.04.2024 12:28:38 err MNT > LBOT01 Бот не активен

08.04.2024 12:28:42 err MNT > 
SendDiagnosticsResult Подключение не установлено, т.к. конечный компьютер отверг запрос на подключение. (localhost:5000)
08.04.2024 12:28:48 err MNT > BOT21 Бот не активен

08.04.2024 12:28:48 err MNT > LBOT01 Бот не активен

08.04.2024 12:28:52 err MNT > 
SendDiagnosticsResult Подключение не установлено, т.к. конечный компьютер отверг запрос на подключение. (localhost:5000)
08.04.2024 12:28:58 err MNT > BOT21 Бот не активен

08.04.2024 12:28:58 err MNT > LBOT01 Бот не активен

08.04.2024 12:29:02 err MNT > 
SendDiagnosticsResult Подключение не установлено, т.к. конечный компьютер отверг запрос на подключение. (localhost:5000)
08.04.2024 12:29:08 err MNT > BOT21 Бот не активен

08.04.2024 12:29:08 err MNT > LBOT01 Бот не активен

08.04.2024 12:29:12 err MNT > 
SendDiagnosticsResult Подключение не установлено, т.к. конечный компьютер отверг запрос на подключение. (localhost:5000)
08.04.2024 12:29:18 err MNT > BOT21 Бот не активен

08.04.2024 12:29:18 err MNT > LBOT01 Бот не активен

08.04.2024 12:29:22 err MNT > 
SendDiagnosticsResult Подключение не установлено, т.к. конечный компьютер отверг запрос на подключение. (localhost:5000)
08.04.2024 12:29:28 err MNT > BOT21 Бот не активен

08.04.2024 12:29:28 err MNT > LBOT01 Бот не активен

08.04.2024 12:29:32 err MNT > 
SendDiagnosticsResult Подключение не установлено, т.к. конечный компьютер отверг запрос на подключение. (localhost:5000)
08.04.2024 12:29:38 err MNT > BOT21 Бот не активен

08.04.2024 12:29:38 err MNT > LBOT01 Бот не активен

08.04.2024 12:29:42 err MNT > 
SendDiagnosticsResult Подключение не установлено, т.к. конечный компьютер отверг запрос на подключение. (localhost:5000)
08.04.2024 12:29:48 err MNT > BOT21 Бот не активен

08.04.2024 12:29:48 err MNT > LBOT01 Бот не активен

08.04.2024 12:29:52 err MNT > 
SendDiagnosticsResult Подключение не установлено, т.к. конечный компьютер отверг запрос на подключение. (localhost:5000)
08.04.2024 12:29:58 err MNT > BOT21 Бот не активен

08.04.2024 12:29:58 err MNT > LBOT01 Бот не активен

08.04.2024 12:30:02 err MNT > 
SendDiagnosticsResult Подключение не установлено, т.к. конечный компьютер отверг запрос на подключение. (localhost:5000)
08.04.2024 12:30:08 err MNT > BOT21 Бот не активен

08.04.2024 12:30:08 err MNT > LBOT01 Бот не активен

08.04.2024 12:30:12 err MNT > 
SendDiagnosticsResult Подключение не установлено, т.к. конечный компьютер отверг запрос на подключение. (localhost:5000)
08.04.2024 12:30:18 err MNT > BOT21 Бот не активен

08.04.2024 12:30:18 err MNT > LBOT01 Бот не активен

08.04.2024 12:30:22 err MNT > 
SendDiagnosticsResult Подключение не установлено, т.к. конечный компьютер отверг запрос на подключение. (localhost:5000)
08.04.2024 12:30:28 err MNT > BOT21 Бот не активен

08.04.2024 12:30:28 err MNT > LBOT01 Бот не активен

08.04.2024 12:30:32 err MNT > 
SendDiagnosticsResult Подключение не установлено, т.к. конечный компьютер отверг запрос на подключение. (localhost:5000)
08.04.2024 12:30:38 err MNT > BOT21 Бот не активен

08.04.2024 12:30:38 err MNT > LBOT01 Бот не активен

08.04.2024 12:30:42 err MNT > 
SendDiagnosticsResult Подключение не установлено, т.к. конечный компьютер отверг запрос на подключение. (localhost:5000)
08.04.2024 12:30:48 err MNT > BOT21 Бот не активен

08.04.2024 12:30:48 err MNT > LBOT01 Бот не активен

08.04.2024 12:30:52 err MNT > 
SendDiagnosticsResult Подключение не установлено, т.к. конечный компьютер отверг запрос на подключение. (localhost:5000)
08.04.2024 12:30:58 err MNT > BOT21 Бот не активен

08.04.2024 12:30:58 err MNT > LBOT01 Бот не активен

08.04.2024 12:31:02 err MNT > 
SendDiagnosticsResult Подключение не установлено, т.к. конечный компьютер отверг запрос на подключение. (localhost:5000)
08.04.2024 12:31:08 err MNT > BOT21 Бот не активен

08.04.2024 12:31:08 err MNT > LBOT01 Бот не активен

08.04.2024 12:31:12 err MNT > 
SendDiagnosticsResult Подключение не установлено, т.к. конечный компьютер отверг запрос на подключение. (localhost:5000)
08.04.2024 12:31:18 err MNT > BOT21 Бот не активен

08.04.2024 12:31:18 err MNT > LBOT01 Бот не активен

08.04.2024 12:31:22 err MNT > 
SendDiagnosticsResult Подключение не установлено, т.к. конечный компьютер отверг запрос на подключение. (localhost:5000)
08.04.2024 12:31:28 err MNT > BOT21 Бот не активен

08.04.2024 12:31:28 err MNT > LBOT01 Бот не активен

08.04.2024 12:31:32 err MNT > 
SendDiagnosticsResult Подключение не установлено, т.к. конечный компьютер отверг запрос на подключение. (localhost:5000)
08.04.2024 12:31:38 err MNT > BOT21 Бот не активен

08.04.2024 12:31:38 err MNT > LBOT01 Бот не активен

08.04.2024 12:31:42 err MNT > 
SendDiagnosticsResult Подключение не установлено, т.к. конечный компьютер отверг запрос на подключение. (localhost:5000)
08.04.2024 12:31:48 err MNT > BOT21 Бот не активен

08.04.2024 12:31:48 err MNT > LBOT01 Бот не активен

08.04.2024 12:31:52 err MNT > 
SendDiagnosticsResult Подключение не установлено, т.к. конечный компьютер отверг запрос на подключение. (localhost:5000)
08.04.2024 12:31:58 err MNT > BOT21 Бот не активен

08.04.2024 12:31:58 err MNT > LBOT01 Бот не активен

08.04.2024 12:32:02 err MNT > 
SendDiagnosticsResult Подключение не установлено, т.к. конечный компьютер отверг запрос на подключение. (localhost:5000)
08.04.2024 12:32:08 err MNT > BOT21 Бот не активен

08.04.2024 12:32:08 err MNT > LBOT01 Бот не активен

08.04.2024 12:32:12 err MNT > 
SendDiagnosticsResult Подключение не установлено, т.к. конечный компьютер отверг запрос на подключение. (localhost:5000)
08.04.2024 12:32:18 err MNT > BOT21 Бот не активен

08.04.2024 12:32:18 err MNT > LBOT01 Бот не активен

08.04.2024 12:32:28 err MNT > BOT21 Бот не активен

08.04.2024 12:32:28 err MNT > LBOT01 Бот не активен

08.04.2024 12:32:38 err MNT > BOT21 Бот не активен

08.04.2024 12:32:38 err MNT > LBOT01 Бот не активен

08.04.2024 12:32:48 err MNT > BOT21 Бот не активен

08.04.2024 12:32:48 err MNT > LBOT01 Бот не активен

08.04.2024 12:32:58 err MNT > BOT21 Бот не активен

08.04.2024 12:32:58 err MNT > LBOT01 Бот не активен

08.04.2024 12:33:08 err MNT > BOT21 Бот не активен

08.04.2024 12:33:08 err MNT > LBOT01 Бот не активен

08.04.2024 12:33:18 err MNT > BOT21 Бот не активен

08.04.2024 12:33:18 err MNT > LBOT01 Бот не активен

08.04.2024 12:33:28 err MNT > BOT21 Бот не активен

08.04.2024 12:33:28 err MNT > LBOT01 Бот не активен

08.04.2024 12:33:38 err MNT > BOT21 Бот не активен

08.04.2024 12:33:38 err MNT > LBOT01 Бот не активен

08.04.2024 12:33:48 err MNT > BOT21 Бот не активен

08.04.2024 12:33:48 err MNT > LBOT01 Бот не активен

08.04.2024 12:33:58 err MNT > BOT21 Бот не активен

08.04.2024 12:33:58 err MNT > LBOT01 Бот не активен

08.04.2024 12:34:08 err MNT > BOT21 Бот не активен

08.04.2024 12:34:08 err MNT > LBOT01 Бот не активен

08.04.2024 12:34:18 err MNT > BOT21 Бот не активен

08.04.2024 12:34:18 err MNT > LBOT01 Бот не активен

08.04.2024 12:34:28 err MNT > BOT21 Бот не активен

08.04.2024 12:34:28 err MNT > LBOT01 Бот не активен

08.04.2024 12:34:38 err MNT > BOT21 Бот не активен

08.04.2024 12:34:38 err MNT > LBOT01 Бот не активен

08.04.2024 12:34:48 err MNT > BOT21 Бот не активен

08.04.2024 12:34:48 err MNT > LBOT01 Бот не активен

08.04.2024 12:34:58 err MNT > BOT21 Бот не активен

08.04.2024 12:34:58 err MNT > LBOT01 Бот не активен

08.04.2024 12:35:08 err MNT > BOT21 Бот не активен

08.04.2024 12:35:08 err MNT > LBOT01 Бот не активен

08.04.2024 12:35:18 err MNT > BOT21 Бот не активен

08.04.2024 12:35:18 err MNT > LBOT01 Бот не активен

08.04.2024 12:35:28 err MNT > BOT21 Бот не активен

08.04.2024 12:35:28 err MNT > LBOT01 Бот не активен

08.04.2024 12:35:38 err MNT > BOT21 Бот не активен

08.04.2024 12:35:38 err MNT > LBOT01 Бот не активен

08.04.2024 12:35:48 err MNT > BOT21 Бот не активен

08.04.2024 12:35:48 err MNT > LBOT01 Бот не активен

08.04.2024 12:35:58 err MNT > BOT21 Бот не активен

08.04.2024 12:35:58 err MNT > LBOT01 Бот не активен

08.04.2024 12:36:08 err MNT > BOT21 Бот не активен

08.04.2024 12:36:08 err MNT > LBOT01 Бот не активен

08.04.2024 12:36:18 err MNT > BOT21 Бот не активен

08.04.2024 12:36:18 err MNT > LBOT01 Бот не активен

08.04.2024 12:36:28 err MNT > BOT21 Бот не активен

08.04.2024 12:36:28 err MNT > LBOT01 Бот не активен

08.04.2024 12:36:38 err MNT > BOT21 Бот не активен

08.04.2024 12:36:38 err MNT > LBOT01 Бот не активен

08.04.2024 12:36:48 err MNT > BOT21 Бот не активен

08.04.2024 12:36:48 err MNT > LBOT01 Бот не активен

